c:\users\archie mourad\desktop\vega\vega\x64\debug\vc143.pdb
c:\users\archie mourad\desktop\vega\vega\x64\debug\vc143.idb
c:\users\archie mourad\desktop\vega\vega\x64\debug\window.obj
c:\users\archie mourad\desktop\vega\vega\x64\debug\conversion.obj
c:\users\archie mourad\desktop\vega\vega\x64\debug\reader.obj
c:\users\archie mourad\desktop\vega\vega\x64\debug\main.obj
c:\users\archie mourad\desktop\vega\vega\x64\debug\loader.obj
c:\users\archie mourad\desktop\vega\vega\x64\debug\instance.obj
c:\users\archie mourad\desktop\vega\vega\x64\debug\debug.obj
c:\users\archie mourad\desktop\vega\vega\x64\debug\compiler.obj
c:\users\archie mourad\desktop\vega\x64\debug\vega.exe
c:\users\archie mourad\desktop\vega\vega\x64\debug\vega.ilk
c:\users\archie mourad\desktop\vega\x64\debug\vega.pdb
c:\users\archie mourad\desktop\vega\vega\x64\debug\vega.tlog\cl.command.1.tlog
c:\users\archie mourad\desktop\vega\vega\x64\debug\vega.tlog\cl.items.tlog
c:\users\archie mourad\desktop\vega\vega\x64\debug\vega.tlog\cl.read.1.tlog
c:\users\archie mourad\desktop\vega\vega\x64\debug\vega.tlog\cl.write.1.tlog
c:\users\archie mourad\desktop\vega\vega\x64\debug\vega.tlog\link.command.1.tlog
c:\users\archie mourad\desktop\vega\vega\x64\debug\vega.tlog\link.read.1.tlog
c:\users\archie mourad\desktop\vega\vega\x64\debug\vega.tlog\link.write.1.tlog
