  Compiler.cpp
C:\Program Files (x86)\Windows Kits\10\Include\10.0.22621.0\shared\minwindef.h(130,1): warning C4005: 'APIENTRY': macro redefinition
C:\Users\Archie Mourad\Desktop\Vega\Dependencies\GLFW\include\GLFW\glfw3.h(123,1): message : see previous definition of 'APIENTRY'
  Debug.cpp
  Instance.cpp
C:\Program Files (x86)\Windows Kits\10\Include\10.0.22621.0\shared\minwindef.h(130,1): warning C4005: 'APIENTRY': macro redefinition
C:\Users\Archie Mourad\Desktop\Vega\Dependencies\GLFW\include\GLFW\glfw3.h(123,1): message : see previous definition of 'APIENTRY'
  Loader.cpp
C:\Program Files (x86)\Windows Kits\10\Include\10.0.22621.0\shared\minwindef.h(130,1): warning C4005: 'APIENTRY': macro redefinition
C:\Users\Archie Mourad\Desktop\Vega\Dependencies\GLFW\include\GLFW\glfw3.h(123,1): message : see previous definition of 'APIENTRY'
  main.cpp
  Reader.cpp
  Conversion.cpp
  Window.cpp
C:\Program Files (x86)\Windows Kits\10\Include\10.0.22621.0\shared\minwindef.h(130,1): warning C4005: 'APIENTRY': macro redefinition
C:\Users\Archie Mourad\Desktop\Vega\Dependencies\GLFW\include\GLFW\glfw3.h(123,1): message : see previous definition of 'APIENTRY'
  Generating Code...
glew32s.lib(glew.obj) : warning LNK4099: PDB '' was not found with 'glew32s.lib(glew.obj)' or at ''; linking object as if no debug info
LINK : warning LNK4098: defaultlib 'MSVCRT' conflicts with use of other libs; use /NODEFAULTLIB:library
LINK : warning LNK4098: defaultlib 'LIBCMT' conflicts with use of other libs; use /NODEFAULTLIB:library
  Vega.vcxproj -> C:\Users\Archie Mourad\Desktop\Vega\x64\Debug\Vega.exe
